This file contains any messages produced by compilers while
running configure, to aid debugging if configure makes a mistake.

It was created by CUnit configure 2.1-3, which was
generated by GNU Autoconf 2.69.  Invocation command line was

  $ ./configure 

## --------- ##
## Platform. ##
## --------- ##

hostname = HWAN
uname -m = x86_64
uname -r = 5.10.16.3-microsoft-standard-WSL2
uname -s = Linux
uname -v = #1 SMP Fri Apr 2 22:23:49 UTC 2021

/usr/bin/uname -p = unknown
/bin/uname -X     = unknown

/bin/arch              = unknown
/usr/bin/arch -k       = unknown
/usr/convex/getsysinfo = unknown
/usr/bin/hostinfo      = unknown
/bin/machine           = unknown
/usr/bin/oslevel       = unknown
/bin/universe          = unknown

PATH: /home/hwan/.vscode-server/bin/1a5daa3a0231a0fbba4f14db7ec463cf99d7768e/bin/remote-cli
PATH: /usr/local/sbin
PATH: /usr/local/bin
PATH: /usr/sbin
PATH: /usr/bin
PATH: /sbin
PATH: /bin
PATH: /usr/games
PATH: /usr/local/games
PATH: /usr/lib/wsl/lib
PATH: /mnt/c/Program Files/Common Files/Oracle/Java/javapath
PATH: /mnt/c/WINDOWS/system32
PATH: /mnt/c/WINDOWS
PATH: /mnt/c/WINDOWS/System32/Wbem
PATH: /mnt/c/WINDOWS/System32/WindowsPowerShell/v1.0/
PATH: /mnt/c/WINDOWS/System32/OpenSSH/
PATH: /mnt/c/Program Files/Git/cmd
PATH: /mnt/c/Program Files/Java/jdk-17/bin/
PATH: /mnt/c/Program Files/nodejs/
PATH: /mnt/c/Program Files/PuTTY/
PATH: /mnt/c/Program Files/MySQL/MySQL Shell 8.0/bin/
PATH: /mnt/c/Users/HWAN/AppData/Local/Programs/Python/Python312/Scripts/
PATH: /mnt/c/Users/HWAN/AppData/Local/Programs/Python/Python312/
PATH: /mnt/c/Users/HWAN/AppData/Local/Microsoft/WindowsApps
PATH: /mnt/c/Users/HWAN/AppData/Local/Programs/Microsoft VS Code/bin
PATH: /mnt/c/Users/HWAN/AppData/Roaming/npm
PATH: /mnt/c/Program Files/JetBrains/IntelliJ IDEA Community Edition 2023.2.5/bin
PATH: /snap/bin


## ----------- ##
## Core tests. ##
## ----------- ##

configure:2310: checking for a BSD-compatible install
configure:2378: result: /usr/bin/install -c
configure:2389: checking whether build environment is sane
configure:2444: result: yes
configure:2595: checking for a thread-safe mkdir -p
configure:2634: result: /bin/mkdir -p
configure:2641: checking for gawk
configure:2657: found /usr/bin/gawk
configure:2668: result: gawk
configure:2679: checking whether make sets $(MAKE)
configure:2701: result: yes
configure:2730: checking whether make supports nested variables
configure:2747: result: yes
configure:3127: checking for gcc
configure:3143: found /usr/bin/gcc
configure:3154: result: gcc
configure:3383: checking for C compiler version
configure:3392: gcc --version >&5
gcc (Ubuntu 7.5.0-3ubuntu1~18.04) 7.5.0
Copyright (C) 2017 Free Software Foundation, Inc.
This is free software; see the source for copying conditions.  There is NO
warranty; not even for MERCHANTABILITY or FITNESS FOR A PARTICULAR PURPOSE.

configure:3403: $? = 0
configure:3392: gcc -v >&5
Using built-in specs.
COLLECT_GCC=gcc
COLLECT_LTO_WRAPPER=/usr/lib/gcc/x86_64-linux-gnu/7/lto-wrapper
OFFLOAD_TARGET_NAMES=nvptx-none
OFFLOAD_TARGET_DEFAULT=1
Target: x86_64-linux-gnu
Configured with: ../src/configure -v --with-pkgversion='Ubuntu 7.5.0-3ubuntu1~18.04' --with-bugurl=file:///usr/share/doc/gcc-7/README.Bugs --enable-languages=c,ada,c++,go,brig,d,fortran,objc,obj-c++ --prefix=/usr --with-gcc-major-version-only --program-suffix=-7 --program-prefix=x86_64-linux-gnu- --enable-shared --enable-linker-build-id --libexecdir=/usr/lib --without-included-gettext --enable-threads=posix --libdir=/usr/lib --enable-nls --enable-bootstrap --enable-clocale=gnu --enable-libstdcxx-debug --enable-libstdcxx-time=yes --with-default-libstdcxx-abi=new --enable-gnu-unique-object --disable-vtable-verify --enable-libmpx --enable-plugin --enable-default-pie --with-system-zlib --with-target-system-zlib --enable-objc-gc=auto --enable-multiarch --disable-werror --with-arch-32=i686 --with-abi=m64 --with-multilib-list=m32,m64,mx32 --enable-multilib --with-tune=generic --enable-offload-targets=nvptx-none --without-cuda-driver --enable-checking=release --build=x86_64-linux-gnu --host=x86_64-linux-gnu --target=x86_64-linux-gnu
Thread model: posix
gcc version 7.5.0 (Ubuntu 7.5.0-3ubuntu1~18.04) 
configure:3403: $? = 0
configure:3392: gcc -V >&5
gcc: error: unrecognized command line option '-V'
gcc: fatal error: no input files
compilation terminated.
configure:3403: $? = 1
configure:3392: gcc -qversion >&5
gcc: error: unrecognized command line option '-qversion'; did you mean '--version'?
gcc: fatal error: no input files
compilation terminated.
configure:3403: $? = 1
configure:3423: checking whether the C compiler works
configure:3445: gcc  -DRELEASE=@RELEASE@ -Wall -W -pedantic -Wshadow -ansi -I/home/hwan/softwareEngineering/CUnit-2.1-3/CUnit/Headers -std=c99   -L/home/hwan/softwareEngineering/CUnit-2.1-3/CUnit/Sources conftest.c  >&5
configure:3449: $? = 0
configure:3497: result: yes
configure:3500: checking for C compiler default output file name
configure:3502: result: a.out
configure:3508: checking for suffix of executables
configure:3515: gcc -o conftest  -DRELEASE=@RELEASE@ -Wall -W -pedantic -Wshadow -ansi -I/home/hwan/softwareEngineering/CUnit-2.1-3/CUnit/Headers -std=c99   -L/home/hwan/softwareEngineering/CUnit-2.1-3/CUnit/Sources conftest.c  >&5
configure:3519: $? = 0
configure:3541: result: 
configure:3563: checking whether we are cross compiling
configure:3571: gcc -o conftest  -DRELEASE=@RELEASE@ -Wall -W -pedantic -Wshadow -ansi -I/home/hwan/softwareEngineering/CUnit-2.1-3/CUnit/Headers -std=c99   -L/home/hwan/softwareEngineering/CUnit-2.1-3/CUnit/Sources conftest.c  >&5
configure:3575: $? = 0
configure:3582: ./conftest
configure:3586: $? = 0
configure:3601: result: no
configure:3606: checking for suffix of object files
configure:3628: gcc -c  -DRELEASE=@RELEASE@ -Wall -W -pedantic -Wshadow -ansi -I/home/hwan/softwareEngineering/CUnit-2.1-3/CUnit/Headers -std=c99  conftest.c >&5
configure:3632: $? = 0
configure:3653: result: o
configure:3657: checking whether we are using the GNU C compiler
configure:3676: gcc -c  -DRELEASE=@RELEASE@ -Wall -W -pedantic -Wshadow -ansi -I/home/hwan/softwareEngineering/CUnit-2.1-3/CUnit/Headers -std=c99  conftest.c >&5
configure:3676: $? = 0
configure:3685: result: yes
configure:3694: checking whether gcc accepts -g
configure:3714: gcc -c -g  conftest.c >&5
configure:3714: $? = 0
configure:3755: result: yes
configure:3772: checking for gcc option to accept ISO C89
configure:3835: gcc  -c  -DRELEASE=@RELEASE@ -Wall -W -pedantic -Wshadow -ansi -I/home/hwan/softwareEngineering/CUnit-2.1-3/CUnit/Headers -std=c99  conftest.c >&5
configure:3835: $? = 0
configure:3848: result: none needed
configure:3873: checking whether gcc understands -c and -o together
configure:3895: gcc -c conftest.c -o conftest2.o
configure:3898: $? = 0
configure:3895: gcc -c conftest.c -o conftest2.o
configure:3898: $? = 0
configure:3910: result: yes
configure:3938: checking for style of include used by make
configure:3966: result: GNU
configure:3992: checking dependency style of gcc
configure:4103: result: gcc3
configure:4119: checking whether make sets $(MAKE)
configure:4141: result: yes
configure:4179: checking build system type
configure:4193: result: x86_64-unknown-linux-gnu
configure:4213: checking host system type
configure:4226: result: x86_64-unknown-linux-gnu
configure:4267: checking how to print strings
configure:4294: result: printf
configure:4315: checking for a sed that does not truncate output
configure:4379: result: /bin/sed
configure:4397: checking for grep that handles long lines and -e
configure:4455: result: /bin/grep
configure:4460: checking for egrep
configure:4522: result: /bin/grep -E
configure:4527: checking for fgrep
configure:4589: result: /bin/grep -F
configure:4624: checking for ld used by gcc
configure:4691: result: /usr/bin/ld
configure:4698: checking if the linker (/usr/bin/ld) is GNU ld
configure:4713: result: yes
configure:4725: checking for BSD- or MS-compatible name lister (nm)
configure:4779: result: /usr/bin/nm -B
configure:4909: checking the name lister (/usr/bin/nm -B) interface
configure:4916: gcc -c  -DRELEASE=@RELEASE@ -Wall -W -pedantic -Wshadow -ansi -I/home/hwan/softwareEngineering/CUnit-2.1-3/CUnit/Headers -std=c99  conftest.c >&5
configure:4919: /usr/bin/nm -B "conftest.o"
configure:4922: output
0000000000000000 B some_variable
configure:4929: result: BSD nm
configure:4932: checking whether ln -s works
configure:4936: result: yes
configure:4944: checking the maximum length of command line arguments
configure:5075: result: 1572864
configure:5123: checking how to convert x86_64-unknown-linux-gnu file names to x86_64-unknown-linux-gnu format
configure:5163: result: func_convert_file_noop
configure:5170: checking how to convert x86_64-unknown-linux-gnu file names to toolchain format
configure:5190: result: func_convert_file_noop
configure:5197: checking for /usr/bin/ld option to reload object files
configure:5204: result: -r
configure:5278: checking for objdump
configure:5294: found /usr/bin/objdump
configure:5305: result: objdump
configure:5337: checking how to recognize dependent libraries
configure:5537: result: pass_all
configure:5622: checking for dlltool
configure:5652: result: no
configure:5682: checking how to associate runtime and link libraries
configure:5709: result: printf %s\n
configure:5770: checking for ar
configure:5786: found /usr/bin/ar
configure:5797: result: ar
configure:5834: checking for archiver @FILE support
configure:5851: gcc -c  -DRELEASE=@RELEASE@ -Wall -W -pedantic -Wshadow -ansi -I/home/hwan/softwareEngineering/CUnit-2.1-3/CUnit/Headers -std=c99  conftest.c >&5
configure:5851: $? = 0
configure:5854: ar cru libconftest.a @conftest.lst >&5
ar: `u' modifier ignored since `D' is the default (see `U')
configure:5857: $? = 0
configure:5862: ar cru libconftest.a @conftest.lst >&5
ar: `u' modifier ignored since `D' is the default (see `U')
ar: conftest.o: No such file or directory
configure:5865: $? = 1
configure:5877: result: @
configure:5935: checking for strip
configure:5951: found /usr/bin/strip
configure:5962: result: strip
configure:6034: checking for ranlib
configure:6050: found /usr/bin/ranlib
configure:6061: result: ranlib
configure:6163: checking command to parse /usr/bin/nm -B output from gcc object
configure:6316: gcc -c  -DRELEASE=@RELEASE@ -Wall -W -pedantic -Wshadow -ansi -I/home/hwan/softwareEngineering/CUnit-2.1-3/CUnit/Headers -std=c99  conftest.c >&5
configure:6319: $? = 0
configure:6323: /usr/bin/nm -B conftest.o \| sed -n -e 's/^.*[ ]\([ABCDGIRSTW][ABCDGIRSTW]*\)[ ][ ]*\([_A-Za-z][_A-Za-z0-9]*\)$/\1 \2 \2/p' | sed '/ __gnu_lto/d' \> conftest.nm
configure:6326: $? = 0
configure:6392: gcc -o conftest  -DRELEASE=@RELEASE@ -Wall -W -pedantic -Wshadow -ansi -I/home/hwan/softwareEngineering/CUnit-2.1-3/CUnit/Headers -std=c99   -L/home/hwan/softwareEngineering/CUnit-2.1-3/CUnit/Sources conftest.c conftstm.o >&5
conftest.c:29:20: warning: ISO C forbids conversion of function pointer to object pointer type [-Wpedantic]
   {"nm_test_func", (void *) &nm_test_func},
                    ^
configure:6395: $? = 0
configure:6433: result: ok
configure:6480: checking for sysroot
configure:6510: result: no
configure:6517: checking for a working dd
configure:6555: result: /bin/dd
configure:6559: checking how to truncate binary pipes
configure:6574: result: /bin/dd bs=4096 count=1
configure:6710: gcc -c  -DRELEASE=@RELEASE@ -Wall -W -pedantic -Wshadow -ansi -I/home/hwan/softwareEngineering/CUnit-2.1-3/CUnit/Headers -std=c99  conftest.c >&5
configure:6713: $? = 0
configure:6903: checking for mt
configure:6919: found /bin/mt
configure:6930: result: mt
configure:6953: checking if mt is a manifest tool
configure:6959: mt '-?'
configure:6967: result: no
configure:7644: checking how to run the C preprocessor
configure:7675: gcc -E  conftest.c
configure:7675: $? = 0
configure:7689: gcc -E  conftest.c
conftest.c:11:10: fatal error: ac_nonexistent.h: No such file or directory
 #include <ac_nonexistent.h>
          ^~~~~~~~~~~~~~~~~~
compilation terminated.
configure:7689: $? = 1
configure: failed program was:
| /* confdefs.h */
| #define PACKAGE_NAME "CUnit"
| #define PACKAGE_TARNAME "cunit"
| #define PACKAGE_VERSION "2.1-3"
| #define PACKAGE_STRING "CUnit 2.1-3"
| #define PACKAGE_BUGREPORT ""
| #define PACKAGE_URL ""
| #define PACKAGE "CUnit"
| #define VERSION "2.1-3"
| /* end confdefs.h.  */
| #include <ac_nonexistent.h>
configure:7714: result: gcc -E
configure:7734: gcc -E  conftest.c
configure:7734: $? = 0
configure:7748: gcc -E  conftest.c
conftest.c:11:10: fatal error: ac_nonexistent.h: No such file or directory
 #include <ac_nonexistent.h>
          ^~~~~~~~~~~~~~~~~~
compilation terminated.
configure:7748: $? = 1
configure: failed program was:
| /* confdefs.h */
| #define PACKAGE_NAME "CUnit"
| #define PACKAGE_TARNAME "cunit"
| #define PACKAGE_VERSION "2.1-3"
| #define PACKAGE_STRING "CUnit 2.1-3"
| #define PACKAGE_BUGREPORT ""
| #define PACKAGE_URL ""
| #define PACKAGE "CUnit"
| #define VERSION "2.1-3"
| /* end confdefs.h.  */
| #include <ac_nonexistent.h>
configure:7777: checking for ANSI C header files
configure:7797: gcc -c  -DRELEASE=@RELEASE@ -Wall -W -pedantic -Wshadow -ansi -I/home/hwan/softwareEngineering/CUnit-2.1-3/CUnit/Headers -std=c99  conftest.c >&5
configure:7797: $? = 0
configure:7870: gcc -o conftest  -DRELEASE=@RELEASE@ -Wall -W -pedantic -Wshadow -ansi -I/home/hwan/softwareEngineering/CUnit-2.1-3/CUnit/Headers -std=c99   -L/home/hwan/softwareEngineering/CUnit-2.1-3/CUnit/Sources conftest.c  >&5
configure:7870: $? = 0
configure:7870: ./conftest
configure:7870: $? = 0
configure:7881: result: yes
configure:7894: checking for sys/types.h
configure:7894: gcc -c  -DRELEASE=@RELEASE@ -Wall -W -pedantic -Wshadow -ansi -I/home/hwan/softwareEngineering/CUnit-2.1-3/CUnit/Headers -std=c99  conftest.c >&5
configure:7894: $? = 0
configure:7894: result: yes
configure:7894: checking for sys/stat.h
configure:7894: gcc -c  -DRELEASE=@RELEASE@ -Wall -W -pedantic -Wshadow -ansi -I/home/hwan/softwareEngineering/CUnit-2.1-3/CUnit/Headers -std=c99  conftest.c >&5
configure:7894: $? = 0
configure:7894: result: yes
configure:7894: checking for stdlib.h
configure:7894: gcc -c  -DRELEASE=@RELEASE@ -Wall -W -pedantic -Wshadow -ansi -I/home/hwan/softwareEngineering/CUnit-2.1-3/CUnit/Headers -std=c99  conftest.c >&5
configure:7894: $? = 0
configure:7894: result: yes
configure:7894: checking for string.h
configure:7894: gcc -c  -DRELEASE=@RELEASE@ -Wall -W -pedantic -Wshadow -ansi -I/home/hwan/softwareEngineering/CUnit-2.1-3/CUnit/Headers -std=c99  conftest.c >&5
configure:7894: $? = 0
configure:7894: result: yes
configure:7894: checking for memory.h
configure:7894: gcc -c  -DRELEASE=@RELEASE@ -Wall -W -pedantic -Wshadow -ansi -I/home/hwan/softwareEngineering/CUnit-2.1-3/CUnit/Headers -std=c99  conftest.c >&5
configure:7894: $? = 0
configure:7894: result: yes
configure:7894: checking for strings.h
configure:7894: gcc -c  -DRELEASE=@RELEASE@ -Wall -W -pedantic -Wshadow -ansi -I/home/hwan/softwareEngineering/CUnit-2.1-3/CUnit/Headers -std=c99  conftest.c >&5
configure:7894: $? = 0
configure:7894: result: yes
configure:7894: checking for inttypes.h
configure:7894: gcc -c  -DRELEASE=@RELEASE@ -Wall -W -pedantic -Wshadow -ansi -I/home/hwan/softwareEngineering/CUnit-2.1-3/CUnit/Headers -std=c99  conftest.c >&5
configure:7894: $? = 0
configure:7894: result: yes
configure:7894: checking for stdint.h
configure:7894: gcc -c  -DRELEASE=@RELEASE@ -Wall -W -pedantic -Wshadow -ansi -I/home/hwan/softwareEngineering/CUnit-2.1-3/CUnit/Headers -std=c99  conftest.c >&5
configure:7894: $? = 0
configure:7894: result: yes
configure:7894: checking for unistd.h
configure:7894: gcc -c  -DRELEASE=@RELEASE@ -Wall -W -pedantic -Wshadow -ansi -I/home/hwan/softwareEngineering/CUnit-2.1-3/CUnit/Headers -std=c99  conftest.c >&5
configure:7894: $? = 0
configure:7894: result: yes
configure:7908: checking for dlfcn.h
configure:7908: gcc -c  -DRELEASE=@RELEASE@ -Wall -W -pedantic -Wshadow -ansi -I/home/hwan/softwareEngineering/CUnit-2.1-3/CUnit/Headers -std=c99  conftest.c >&5
configure:7908: $? = 0
configure:7908: result: yes
configure:8164: checking for objdir
configure:8179: result: .libs
configure:8439: checking if gcc supports -fno-rtti -fno-exceptions
configure:8457: gcc -c  -DRELEASE=@RELEASE@ -Wall -W -pedantic -Wshadow -ansi -I/home/hwan/softwareEngineering/CUnit-2.1-3/CUnit/Headers -std=c99  -fno-rtti -fno-exceptions conftest.c >&5
cc1: warning: command line option '-fno-rtti' is valid for C++/ObjC++ but not for C
configure:8461: $? = 0
configure:8474: result: no
configure:8832: checking for gcc option to produce PIC
configure:8839: result: -fPIC -DPIC
configure:8847: checking if gcc PIC flag -fPIC -DPIC works
configure:8865: gcc -c  -DRELEASE=@RELEASE@ -Wall -W -pedantic -Wshadow -ansi -I/home/hwan/softwareEngineering/CUnit-2.1-3/CUnit/Headers -std=c99  -fPIC -DPIC -DPIC conftest.c >&5
configure:8869: $? = 0
configure:8882: result: yes
configure:8911: checking if gcc static flag -static works
configure:8939: result: yes
configure:8954: checking if gcc supports -c -o file.o
configure:8975: gcc -c  -DRELEASE=@RELEASE@ -Wall -W -pedantic -Wshadow -ansi -I/home/hwan/softwareEngineering/CUnit-2.1-3/CUnit/Headers -std=c99  -o out/conftest2.o conftest.c >&5
configure:8979: $? = 0
configure:9001: result: yes
configure:9009: checking if gcc supports -c -o file.o
configure:9056: result: yes
configure:9089: checking whether the gcc linker (/usr/bin/ld -m elf_x86_64) supports shared libraries
configure:10352: result: yes
configure:10389: checking whether -lc should be explicitly linked in
configure:10397: gcc -c  -DRELEASE=@RELEASE@ -Wall -W -pedantic -Wshadow -ansi -I/home/hwan/softwareEngineering/CUnit-2.1-3/CUnit/Headers -std=c99  conftest.c >&5
configure:10400: $? = 0
configure:10415: gcc -shared  -fPIC -DPIC conftest.o  -v -Wl,-soname -Wl,conftest -o conftest 2\>\&1 \| /bin/grep  -lc  \>/dev/null 2\>\&1
configure:10418: $? = 0
configure:10432: result: no
configure:10592: checking dynamic linker characteristics
configure:11173: gcc -o conftest  -DRELEASE=@RELEASE@ -Wall -W -pedantic -Wshadow -ansi -I/home/hwan/softwareEngineering/CUnit-2.1-3/CUnit/Headers -std=c99   -L/home/hwan/softwareEngineering/CUnit-2.1-3/CUnit/Sources -Wl,-rpath -Wl,/foo conftest.c  >&5
configure:11173: $? = 0
configure:11422: result: GNU/Linux ld.so
configure:11544: checking how to hardcode library paths into programs
configure:11569: result: immediate
configure:12117: checking whether stripping libraries is possible
configure:12122: result: yes
configure:12157: checking if libtool supports shared libraries
configure:12159: result: yes
configure:12162: checking whether to build shared libraries
configure:12187: result: yes
configure:12190: checking whether to build static libraries
configure:12194: result: yes
configure:12232: checking for main in -lc
configure:12251: gcc -o conftest  -DRELEASE=@RELEASE@ -Wall -W -pedantic -Wshadow -ansi -I/home/hwan/softwareEngineering/CUnit-2.1-3/CUnit/Headers -std=c99   -L/home/hwan/softwareEngineering/CUnit-2.1-3/CUnit/Sources conftest.c -lc   >&5
configure:12251: $? = 0
configure:12260: result: yes
configure:12377: checking for malloc
configure:12377: gcc -o conftest  -DRELEASE=@RELEASE@ -Wall -W -pedantic -Wshadow -ansi -I/home/hwan/softwareEngineering/CUnit-2.1-3/CUnit/Headers -std=c99   -L/home/hwan/softwareEngineering/CUnit-2.1-3/CUnit/Sources conftest.c -lc  >&5
conftest.c:47:6: warning: conflicting types for built-in function 'malloc' [-Wbuiltin-declaration-mismatch]
 char malloc ();
      ^~~~~~
configure:12377: $? = 0
configure:12377: result: yes
configure:12384: checking for free
configure:12384: gcc -o conftest  -DRELEASE=@RELEASE@ -Wall -W -pedantic -Wshadow -ansi -I/home/hwan/softwareEngineering/CUnit-2.1-3/CUnit/Headers -std=c99   -L/home/hwan/softwareEngineering/CUnit-2.1-3/CUnit/Sources conftest.c -lc  >&5
conftest.c:47:6: warning: conflicting types for built-in function 'free' [-Wbuiltin-declaration-mismatch]
 char free ();
      ^~~~
configure:12384: $? = 0
configure:12384: result: yes
configure:12391: checking for calloc
configure:12391: gcc -o conftest  -DRELEASE=@RELEASE@ -Wall -W -pedantic -Wshadow -ansi -I/home/hwan/softwareEngineering/CUnit-2.1-3/CUnit/Headers -std=c99   -L/home/hwan/softwareEngineering/CUnit-2.1-3/CUnit/Sources conftest.c -lc  >&5
conftest.c:47:6: warning: conflicting types for built-in function 'calloc' [-Wbuiltin-declaration-mismatch]
 char calloc ();
      ^~~~~~
configure:12391: $? = 0
configure:12391: result: yes
configure:12398: checking for realloc
configure:12398: gcc -o conftest  -DRELEASE=@RELEASE@ -Wall -W -pedantic -Wshadow -ansi -I/home/hwan/softwareEngineering/CUnit-2.1-3/CUnit/Headers -std=c99   -L/home/hwan/softwareEngineering/CUnit-2.1-3/CUnit/Sources conftest.c -lc  >&5
conftest.c:47:6: warning: conflicting types for built-in function 'realloc' [-Wbuiltin-declaration-mismatch]
 char realloc ();
      ^~~~~~~
configure:12398: $? = 0
configure:12398: result: yes
configure:12406: checking for strcpy
configure:12406: gcc -o conftest  -DRELEASE=@RELEASE@ -Wall -W -pedantic -Wshadow -ansi -I/home/hwan/softwareEngineering/CUnit-2.1-3/CUnit/Headers -std=c99   -L/home/hwan/softwareEngineering/CUnit-2.1-3/CUnit/Sources conftest.c -lc  >&5
conftest.c:47:6: warning: conflicting types for built-in function 'strcpy' [-Wbuiltin-declaration-mismatch]
 char strcpy ();
      ^~~~~~
configure:12406: $? = 0
configure:12406: result: yes
configure:12413: checking for strerror
configure:12413: gcc -o conftest  -DRELEASE=@RELEASE@ -Wall -W -pedantic -Wshadow -ansi -I/home/hwan/softwareEngineering/CUnit-2.1-3/CUnit/Headers -std=c99   -L/home/hwan/softwareEngineering/CUnit-2.1-3/CUnit/Sources conftest.c -lc  >&5
configure:12413: $? = 0
configure:12413: result: yes
configure:12421: checking for fopen
configure:12421: gcc -o conftest  -DRELEASE=@RELEASE@ -Wall -W -pedantic -Wshadow -ansi -I/home/hwan/softwareEngineering/CUnit-2.1-3/CUnit/Headers -std=c99   -L/home/hwan/softwareEngineering/CUnit-2.1-3/CUnit/Sources conftest.c -lc  >&5
configure:12421: $? = 0
configure:12421: result: yes
configure:12428: checking for fclose
configure:12428: gcc -o conftest  -DRELEASE=@RELEASE@ -Wall -W -pedantic -Wshadow -ansi -I/home/hwan/softwareEngineering/CUnit-2.1-3/CUnit/Headers -std=c99   -L/home/hwan/softwareEngineering/CUnit-2.1-3/CUnit/Sources conftest.c -lc  >&5
configure:12428: $? = 0
configure:12428: result: yes
configure:12435: checking for fprintf
configure:12435: gcc -o conftest  -DRELEASE=@RELEASE@ -Wall -W -pedantic -Wshadow -ansi -I/home/hwan/softwareEngineering/CUnit-2.1-3/CUnit/Headers -std=c99   -L/home/hwan/softwareEngineering/CUnit-2.1-3/CUnit/Sources conftest.c -lc  >&5
conftest.c:47:6: warning: conflicting types for built-in function 'fprintf' [-Wbuiltin-declaration-mismatch]
 char fprintf ();
      ^~~~~~~
configure:12435: $? = 0
configure:12435: result: yes
configure:12442: checking for snprintf
configure:12442: gcc -o conftest  -DRELEASE=@RELEASE@ -Wall -W -pedantic -Wshadow -ansi -I/home/hwan/softwareEngineering/CUnit-2.1-3/CUnit/Headers -std=c99   -L/home/hwan/softwareEngineering/CUnit-2.1-3/CUnit/Sources conftest.c -lc  >&5
conftest.c:47:6: warning: conflicting types for built-in function 'snprintf' [-Wbuiltin-declaration-mismatch]
 char snprintf ();
      ^~~~~~~~
configure:12442: $? = 0
configure:12442: result: yes
configure:12449: checking for setvbuf
configure:12449: gcc -o conftest  -DRELEASE=@RELEASE@ -Wall -W -pedantic -Wshadow -ansi -I/home/hwan/softwareEngineering/CUnit-2.1-3/CUnit/Headers -std=c99   -L/home/hwan/softwareEngineering/CUnit-2.1-3/CUnit/Sources conftest.c -lc  >&5
configure:12449: $? = 0
configure:12449: result: yes
configure:12457: checking for time
configure:12457: gcc -o conftest  -DRELEASE=@RELEASE@ -Wall -W -pedantic -Wshadow -ansi -I/home/hwan/softwareEngineering/CUnit-2.1-3/CUnit/Headers -std=c99   -L/home/hwan/softwareEngineering/CUnit-2.1-3/CUnit/Sources conftest.c -lc  >&5
configure:12457: $? = 0
configure:12457: result: yes
configure:12464: checking for ctime
configure:12464: gcc -o conftest  -DRELEASE=@RELEASE@ -Wall -W -pedantic -Wshadow -ansi -I/home/hwan/softwareEngineering/CUnit-2.1-3/CUnit/Headers -std=c99   -L/home/hwan/softwareEngineering/CUnit-2.1-3/CUnit/Sources conftest.c -lc  >&5
configure:12464: $? = 0
configure:12464: result: yes
configure:12472: checking for ANSI C header files
configure:12576: result: yes
configure:12586: checking assert.h usability
configure:12586: gcc -c  -DRELEASE=@RELEASE@ -Wall -W -pedantic -Wshadow -ansi -I/home/hwan/softwareEngineering/CUnit-2.1-3/CUnit/Headers -std=c99  conftest.c >&5
configure:12586: $? = 0
configure:12586: result: yes
configure:12586: checking assert.h presence
configure:12586: gcc -E  conftest.c
configure:12586: $? = 0
configure:12586: result: yes
configure:12586: checking for assert.h
configure:12586: result: yes
configure:12598: checking ctype.h usability
configure:12598: gcc -c  -DRELEASE=@RELEASE@ -Wall -W -pedantic -Wshadow -ansi -I/home/hwan/softwareEngineering/CUnit-2.1-3/CUnit/Headers -std=c99  conftest.c >&5
configure:12598: $? = 0
configure:12598: result: yes
configure:12598: checking ctype.h presence
configure:12598: gcc -E  conftest.c
configure:12598: $? = 0
configure:12598: result: yes
configure:12598: checking for ctype.h
configure:12598: result: yes
configure:12610: checking math.h usability
configure:12610: gcc -c  -DRELEASE=@RELEASE@ -Wall -W -pedantic -Wshadow -ansi -I/home/hwan/softwareEngineering/CUnit-2.1-3/CUnit/Headers -std=c99  conftest.c >&5
configure:12610: $? = 0
configure:12610: result: yes
configure:12610: checking math.h presence
configure:12610: gcc -E  conftest.c
configure:12610: $? = 0
configure:12610: result: yes
configure:12610: checking for math.h
configure:12610: result: yes
configure:12622: checking file.h usability
configure:12622: gcc -c  -DRELEASE=@RELEASE@ -Wall -W -pedantic -Wshadow -ansi -I/home/hwan/softwareEngineering/CUnit-2.1-3/CUnit/Headers -std=c99  conftest.c >&5
conftest.c:61:10: fatal error: file.h: No such file or directory
 #include <file.h>
          ^~~~~~~~
compilation terminated.
configure:12622: $? = 1
configure: failed program was:
| /* confdefs.h */
| #define PACKAGE_NAME "CUnit"
| #define PACKAGE_TARNAME "cunit"
| #define PACKAGE_VERSION "2.1-3"
| #define PACKAGE_STRING "CUnit 2.1-3"
| #define PACKAGE_BUGREPORT ""
| #define PACKAGE_URL ""
| #define PACKAGE "CUnit"
| #define VERSION "2.1-3"
| #define STDC_HEADERS 1
| #define HAVE_SYS_TYPES_H 1
| #define HAVE_SYS_STAT_H 1
| #define HAVE_STDLIB_H 1
| #define HAVE_STRING_H 1
| #define HAVE_MEMORY_H 1
| #define HAVE_STRINGS_H 1
| #define HAVE_INTTYPES_H 1
| #define HAVE_STDINT_H 1
| #define HAVE_UNISTD_H 1
| #define HAVE_DLFCN_H 1
| #define LT_OBJDIR ".libs/"
| #define HAVE_LIBC 1
| #define STDC_HEADERS 1
| #define HAVE_ASSERT_H 1
| #define HAVE_CTYPE_H 1
| #define HAVE_MATH_H 1
| /* end confdefs.h.  */
| #include <stdio.h>
| #ifdef HAVE_SYS_TYPES_H
| # include <sys/types.h>
| #endif
| #ifdef HAVE_SYS_STAT_H
| # include <sys/stat.h>
| #endif
| #ifdef STDC_HEADERS
| # include <stdlib.h>
| # include <stddef.h>
| #else
| # ifdef HAVE_STDLIB_H
| #  include <stdlib.h>
| # endif
| #endif
| #ifdef HAVE_STRING_H
| # if !defined STDC_HEADERS && defined HAVE_MEMORY_H
| #  include <memory.h>
| # endif
| # include <string.h>
| #endif
| #ifdef HAVE_STRINGS_H
| # include <strings.h>
| #endif
| #ifdef HAVE_INTTYPES_H
| # include <inttypes.h>
| #endif
| #ifdef HAVE_STDINT_H
| # include <stdint.h>
| #endif
| #ifdef HAVE_UNISTD_H
| # include <unistd.h>
| #endif
| #include <file.h>
configure:12622: result: no
configure:12622: checking file.h presence
configure:12622: gcc -E  conftest.c
conftest.c:28:10: fatal error: file.h: No such file or directory
 #include <file.h>
          ^~~~~~~~
compilation terminated.
configure:12622: $? = 1
configure: failed program was:
| /* confdefs.h */
| #define PACKAGE_NAME "CUnit"
| #define PACKAGE_TARNAME "cunit"
| #define PACKAGE_VERSION "2.1-3"
| #define PACKAGE_STRING "CUnit 2.1-3"
| #define PACKAGE_BUGREPORT ""
| #define PACKAGE_URL ""
| #define PACKAGE "CUnit"
| #define VERSION "2.1-3"
| #define STDC_HEADERS 1
| #define HAVE_SYS_TYPES_H 1
| #define HAVE_SYS_STAT_H 1
| #define HAVE_STDLIB_H 1
| #define HAVE_STRING_H 1
| #define HAVE_MEMORY_H 1
| #define HAVE_STRINGS_H 1
| #define HAVE_INTTYPES_H 1
| #define HAVE_STDINT_H 1
| #define HAVE_UNISTD_H 1
| #define HAVE_DLFCN_H 1
| #define LT_OBJDIR ".libs/"
| #define HAVE_LIBC 1
| #define STDC_HEADERS 1
| #define HAVE_ASSERT_H 1
| #define HAVE_CTYPE_H 1
| #define HAVE_MATH_H 1
| /* end confdefs.h.  */
| #include <file.h>
configure:12622: result: no
configure:12622: checking for file.h
configure:12622: result: no
configure:12634: checking stdio.h usability
configure:12634: gcc -c  -DRELEASE=@RELEASE@ -Wall -W -pedantic -Wshadow -ansi -I/home/hwan/softwareEngineering/CUnit-2.1-3/CUnit/Headers -std=c99  conftest.c >&5
configure:12634: $? = 0
configure:12634: result: yes
configure:12634: checking stdio.h presence
configure:12634: gcc -E  conftest.c
configure:12634: $? = 0
configure:12634: result: yes
configure:12634: checking for stdio.h
configure:12634: result: yes
configure:12646: checking for stdlib.h
configure:12646: result: yes
configure:12658: checking for string.h
configure:12658: result: yes
configure:12672: checking for an ANSI C-conforming const
configure:12738: gcc -c  -DRELEASE=@RELEASE@ -Wall -W -pedantic -Wshadow -ansi -I/home/hwan/softwareEngineering/CUnit-2.1-3/CUnit/Headers -std=c99  conftest.c >&5
configure:12738: $? = 0
configure:12745: result: yes
configure:12889: checking that generated files are newer than configure
configure:12895: result: done
configure:12942: creating ./config.status

## ---------------------- ##
## Running config.status. ##
## ---------------------- ##

This file was extended by CUnit config.status 2.1-3, which was
generated by GNU Autoconf 2.69.  Invocation command line was

  CONFIG_FILES    = 
  CONFIG_HEADERS  = 
  CONFIG_LINKS    = 
  CONFIG_COMMANDS = 
  $ ./config.status 

on HWAN

config.status:1145: creating Jamrules
config.status:1145: creating Makefile
config.status:1145: creating CUnit.spec
config.status:1145: creating cunit.pc
config.status:1145: creating CUnit/Makefile
config.status:1145: creating CUnit/Headers/Makefile
config.status:1145: creating CUnit/Headers/CUnit.h
config.status:1145: creating CUnit/Sources/Makefile
config.status:1145: creating CUnit/Sources/Framework/Makefile
config.status:1145: creating CUnit/Sources/Automated/Makefile
config.status:1145: creating CUnit/Sources/Basic/Makefile
config.status:1145: creating CUnit/Sources/Console/Makefile
config.status:1145: creating CUnit/Sources/Curses/Makefile
config.status:1145: creating CUnit/Sources/Test/Makefile
config.status:1145: creating doc/Makefile
config.status:1145: creating doc/headers/Makefile
config.status:1145: creating Examples/Makefile
config.status:1145: creating Examples/AutomatedTest/Makefile
config.status:1145: creating Examples/BasicTest/Makefile
config.status:1145: creating Examples/ConsoleTest/Makefile
config.status:1145: creating Examples/CursesTest/Makefile
config.status:1145: creating Man/Makefile
config.status:1145: creating Man/man3/Makefile
config.status:1145: creating Share/Makefile
config.status:1145: creating config.h
config.status:1374: executing depfiles commands
config.status:1374: executing libtool commands

## ---------------- ##
## Cache variables. ##
## ---------------- ##

ac_cv_build=x86_64-unknown-linux-gnu
ac_cv_c_compiler_gnu=yes
ac_cv_c_const=yes
ac_cv_env_CC_set=
ac_cv_env_CC_value=
ac_cv_env_CFLAGS_set=
ac_cv_env_CFLAGS_value=
ac_cv_env_CPPFLAGS_set=
ac_cv_env_CPPFLAGS_value=
ac_cv_env_CPP_set=
ac_cv_env_CPP_value=
ac_cv_env_LDFLAGS_set=
ac_cv_env_LDFLAGS_value=
ac_cv_env_LIBS_set=
ac_cv_env_LIBS_value=
ac_cv_env_LT_SYS_LIBRARY_PATH_set=
ac_cv_env_LT_SYS_LIBRARY_PATH_value=
ac_cv_env_build_alias_set=
ac_cv_env_build_alias_value=
ac_cv_env_host_alias_set=
ac_cv_env_host_alias_value=
ac_cv_env_target_alias_set=
ac_cv_env_target_alias_value=
ac_cv_func_calloc=yes
ac_cv_func_ctime=yes
ac_cv_func_fclose=yes
ac_cv_func_fopen=yes
ac_cv_func_fprintf=yes
ac_cv_func_free=yes
ac_cv_func_malloc=yes
ac_cv_func_realloc=yes
ac_cv_func_setvbuf=yes
ac_cv_func_snprintf=yes
ac_cv_func_strcpy=yes
ac_cv_func_strerror=yes
ac_cv_func_time=yes
ac_cv_header_assert_h=yes
ac_cv_header_ctype_h=yes
ac_cv_header_dlfcn_h=yes
ac_cv_header_file_h=no
ac_cv_header_inttypes_h=yes
ac_cv_header_math_h=yes
ac_cv_header_memory_h=yes
ac_cv_header_stdc=yes
ac_cv_header_stdint_h=yes
ac_cv_header_stdio_h=yes
ac_cv_header_stdlib_h=yes
ac_cv_header_string_h=yes
ac_cv_header_strings_h=yes
ac_cv_header_sys_stat_h=yes
ac_cv_header_sys_types_h=yes
ac_cv_header_unistd_h=yes
ac_cv_host=x86_64-unknown-linux-gnu
ac_cv_lib_c_main=yes
ac_cv_objext=o
ac_cv_path_EGREP='/bin/grep -E'
ac_cv_path_FGREP='/bin/grep -F'
ac_cv_path_GREP=/bin/grep
ac_cv_path_SED=/bin/sed
ac_cv_path_install='/usr/bin/install -c'
ac_cv_path_lt_DD=/bin/dd
ac_cv_path_mkdir=/bin/mkdir
ac_cv_prog_AWK=gawk
ac_cv_prog_CPP='gcc -E'
ac_cv_prog_ac_ct_AR=ar
ac_cv_prog_ac_ct_CC=gcc
ac_cv_prog_ac_ct_MANIFEST_TOOL=mt
ac_cv_prog_ac_ct_OBJDUMP=objdump
ac_cv_prog_ac_ct_RANLIB=ranlib
ac_cv_prog_ac_ct_STRIP=strip
ac_cv_prog_cc_c89=
ac_cv_prog_cc_g=yes
ac_cv_prog_make_make_set=yes
am_cv_CC_dependencies_compiler_type=gcc3
am_cv_make_support_nested_variables=yes
am_cv_prog_cc_c_o=yes
lt_cv_ar_at_file=@
lt_cv_archive_cmds_need_lc=no
lt_cv_deplibs_check_method=pass_all
lt_cv_file_magic_cmd='$MAGIC_CMD'
lt_cv_file_magic_test_file=
lt_cv_ld_reload_flag=-r
lt_cv_nm_interface='BSD nm'
lt_cv_objdir=.libs
lt_cv_path_LD=/usr/bin/ld
lt_cv_path_NM='/usr/bin/nm -B'
lt_cv_path_mainfest_tool=no
lt_cv_prog_compiler_c_o=yes
lt_cv_prog_compiler_pic='-fPIC -DPIC'
lt_cv_prog_compiler_pic_works=yes
lt_cv_prog_compiler_rtti_exceptions=no
lt_cv_prog_compiler_static_works=yes
lt_cv_prog_gnu_ld=yes
lt_cv_sharedlib_from_linklib_cmd='printf %s\n'
lt_cv_shlibpath_overrides_runpath=yes
lt_cv_sys_global_symbol_pipe='sed -n -e '\''s/^.*[	 ]\([ABCDGIRSTW][ABCDGIRSTW]*\)[	 ][	 ]*\([_A-Za-z][_A-Za-z0-9]*\)$/\1 \2 \2/p'\'' | sed '\''/ __gnu_lto/d'\'''
lt_cv_sys_global_symbol_to_c_name_address='sed -n -e '\''s/^: \(.*\) .*$/  {"\1", (void *) 0},/p'\'' -e '\''s/^[ABCDGIRSTW][ABCDGIRSTW]* .* \(.*\)$/  {"\1", (void *) \&\1},/p'\'''
lt_cv_sys_global_symbol_to_c_name_address_lib_prefix='sed -n -e '\''s/^: \(.*\) .*$/  {"\1", (void *) 0},/p'\'' -e '\''s/^[ABCDGIRSTW][ABCDGIRSTW]* .* \(lib.*\)$/  {"\1", (void *) \&\1},/p'\'' -e '\''s/^[ABCDGIRSTW][ABCDGIRSTW]* .* \(.*\)$/  {"lib\1", (void *) \&\1},/p'\'''
lt_cv_sys_global_symbol_to_cdecl='sed -n -e '\''s/^T .* \(.*\)$/extern int \1();/p'\'' -e '\''s/^[ABCDGIRSTW][ABCDGIRSTW]* .* \(.*\)$/extern char \1;/p'\'''
lt_cv_sys_global_symbol_to_import=
lt_cv_sys_max_cmd_len=1572864
lt_cv_to_host_file_cmd=func_convert_file_noop
lt_cv_to_tool_file_cmd=func_convert_file_noop
lt_cv_truncate_bin='/bin/dd bs=4096 count=1'

## ----------------- ##
## Output variables. ##
## ----------------- ##

ACLOCAL='${SHELL} /home/hwan/softwareEngineering/CUnit-2.1-3/missing aclocal-1.15'
AMDEPBACKSLASH='\'
AMDEP_FALSE='#'
AMDEP_TRUE=''
AMTAR='$${TAR-tar}'
AM_BACKSLASH='\'
AM_DEFAULT_V='$(AM_DEFAULT_VERBOSITY)'
AM_DEFAULT_VERBOSITY='1'
AM_V='$(V)'
AR='ar'
AUTOCONF='${SHELL} /home/hwan/softwareEngineering/CUnit-2.1-3/missing autoconf'
AUTOHEADER='${SHELL} /home/hwan/softwareEngineering/CUnit-2.1-3/missing autoheader'
AUTOMAKE='${SHELL} /home/hwan/softwareEngineering/CUnit-2.1-3/missing automake-1.15'
AWK='gawk'
BUILD_AUTOMATED='TRUE'
BUILD_BASIC='TRUE'
BUILD_CONSOLE='TRUE'
BUILD_CURSES='FALSE'
BUILD_EXAMPLES='FALSE'
BUILD_TEST='FALSE'
CC='gcc'
CCDEPMODE='depmode=gcc3'
CFLAGS=' -DRELEASE=@RELEASE@ -Wall -W -pedantic -Wshadow -ansi -I/home/hwan/softwareEngineering/CUnit-2.1-3/CUnit/Headers -std=c99'
CPP='gcc -E'
CPPFLAGS=''
CURSES_LIB=''
CYGPATH_W='echo'
DEFS='-DHAVE_CONFIG_H'
DEPDIR='.deps'
DLLTOOL='false'
DSYMUTIL=''
DUMPBIN=''
ECHO_C=''
ECHO_N='-n'
ECHO_T=''
EGREP='/bin/grep -E'
ENABLE_AUTOMATED_FALSE='#'
ENABLE_AUTOMATED_TRUE=''
ENABLE_BASIC_FALSE='#'
ENABLE_BASIC_TRUE=''
ENABLE_CONSOLE_FALSE='#'
ENABLE_CONSOLE_TRUE=''
ENABLE_CURSES_FALSE=''
ENABLE_CURSES_TRUE='#'
ENABLE_DEBUG='FALSE'
ENABLE_DEPRECATED='FALSE'
ENABLE_EXAMPLES_FALSE=''
ENABLE_EXAMPLES_TRUE='#'
ENABLE_MEMTRACE='FALSE'
ENABLE_TEST_FALSE=''
ENABLE_TEST_TRUE='#'
EXEEXT=''
FGREP='/bin/grep -F'
GREP='/bin/grep'
INSTALL_DATA='${INSTALL} -m 644'
INSTALL_PROGRAM='${INSTALL}'
INSTALL_SCRIPT='${INSTALL}'
INSTALL_STRIP_PROGRAM='$(install_sh) -c -s'
LD='/usr/bin/ld -m elf_x86_64'
LDFLAGS=' -L/home/hwan/softwareEngineering/CUnit-2.1-3/CUnit/Sources'
LIBOBJS=''
LIBS='-lc '
LIBTOOL='$(SHELL) $(top_builddir)/libtool'
LIBTOOL_AGE='0'
LIBTOOL_CURRENT='1'
LIBTOOL_REVISION='1'
LIBTOOL_SUFFIX1='1'
LIBTOOL_SUFFIX='1.0.1'
LIPO=''
LN_S='ln -s'
LTLIBOBJS=''
LT_SYS_LIBRARY_PATH=''
MAKEINFO='${SHELL} /home/hwan/softwareEngineering/CUnit-2.1-3/missing makeinfo'
MANIFEST_TOOL=':'
MKDIR_P='/bin/mkdir -p'
NM='/usr/bin/nm -B'
NMEDIT=''
OBJDUMP='objdump'
OBJEXT='o'
OTOOL64=''
OTOOL=''
PACKAGE='CUnit'
PACKAGE_BUGREPORT=''
PACKAGE_NAME='CUnit'
PACKAGE_STRING='CUnit 2.1-3'
PACKAGE_TARNAME='cunit'
PACKAGE_URL=''
PACKAGE_VERSION='2.1-3'
PATH_SEPARATOR=':'
RANLIB='ranlib'
RELEASE='3'
SED='/bin/sed'
SET_MAKE=''
SHELL='/bin/bash'
STRIP='strip'
VERSION='2.1'
VERSION_MAJOR='2'
VERSION_MINOR='1'
ac_ct_AR='ar'
ac_ct_CC='gcc'
ac_ct_DUMPBIN=''
am__EXEEXT_FALSE=''
am__EXEEXT_TRUE='#'
am__fastdepCC_FALSE='#'
am__fastdepCC_TRUE=''
am__include='include'
am__isrc=''
am__leading_dot='.'
am__nodep='_no'
am__quote=''
am__tar='$${TAR-tar} chof - "$$tardir"'
am__untar='$${TAR-tar} xf -'
bindir='${exec_prefix}/bin'
build='x86_64-unknown-linux-gnu'
build_alias=''
build_cpu='x86_64'
build_os='linux-gnu'
build_vendor='unknown'
datadir='${datarootdir}'
datarootdir='${prefix}/share'
docdir='${datarootdir}/doc/${PACKAGE_TARNAME}'
dvidir='${docdir}'
exec_prefix='${prefix}'
host='x86_64-unknown-linux-gnu'
host_alias=''
host_cpu='x86_64'
host_os='linux-gnu'
host_vendor='unknown'
htmldir='${docdir}'
includedir='${prefix}/include'
infodir='${datarootdir}/info'
install_sh='${SHELL} /home/hwan/softwareEngineering/CUnit-2.1-3/install-sh'
libdir='${exec_prefix}/lib'
libexecdir='${exec_prefix}/libexec'
localedir='${datarootdir}/locale'
localstatedir='${prefix}/var'
mandir='${datarootdir}/man'
mkdir_p='$(MKDIR_P)'
oldincludedir='/usr/include'
pdfdir='${docdir}'
prefix='/usr/local'
program_transform_name='s,x,x,'
psdir='${docdir}'
runstatedir='${localstatedir}/run'
sbindir='${exec_prefix}/sbin'
sharedstatedir='${prefix}/com'
sysconfdir='${prefix}/etc'
target_alias=''

## ----------- ##
## confdefs.h. ##
## ----------- ##

/* confdefs.h */
#define PACKAGE_NAME "CUnit"
#define PACKAGE_TARNAME "cunit"
#define PACKAGE_VERSION "2.1-3"
#define PACKAGE_STRING "CUnit 2.1-3"
#define PACKAGE_BUGREPORT ""
#define PACKAGE_URL ""
#define PACKAGE "CUnit"
#define VERSION "2.1-3"
#define STDC_HEADERS 1
#define HAVE_SYS_TYPES_H 1
#define HAVE_SYS_STAT_H 1
#define HAVE_STDLIB_H 1
#define HAVE_STRING_H 1
#define HAVE_MEMORY_H 1
#define HAVE_STRINGS_H 1
#define HAVE_INTTYPES_H 1
#define HAVE_STDINT_H 1
#define HAVE_UNISTD_H 1
#define HAVE_DLFCN_H 1
#define LT_OBJDIR ".libs/"
#define HAVE_LIBC 1
#define STDC_HEADERS 1
#define HAVE_ASSERT_H 1
#define HAVE_CTYPE_H 1
#define HAVE_MATH_H 1
#define HAVE_STDIO_H 1
#define HAVE_STDLIB_H 1
#define HAVE_STRING_H 1

configure: exit 0
